Hyperpay SDK v4.9.1/Android_Frameworks_4.9.0/Demo/app/build/intermediates/manifest_merge_blame_file/debug/manifest-merger-blame-debug-report.txt
1<?xml version="1.0" encoding="utf-8"?>
2<manifest xmlns:android="http://schemas.android.com/apk/res/android"
3    package="com.oppwa.mobile.connect.demo"
4    android:versionCode="1"
5    android:versionName="1.0.0" >
6
7    <uses-sdk
8        android:minSdkVersion="21"
8-->src/main/AndroidManifest.xml
9        android:targetSdkVersion="33" />
9-->src/main/AndroidManifest.xml
10
11    <uses-permission android:name="android.permission.INTERNET" />
11-->src/main/AndroidManifest.xml:5:5-66
11-->src/main/AndroidManifest.xml:5:22-64
12    <uses-permission android:name="android.permission.USE_FINGERPRINT" />
12-->[oppwa.mobile-4.9.0-release.aar] AndroidManifest.xml:9:5-74
12-->[oppwa.mobile-4.9.0-release.aar] AndroidManifest.xml:9:22-71
13    <uses-permission android:name="android.permission.ACCESS_NETWORK_STATE" />
13-->[oppwa.mobile-4.9.0-release.aar] AndroidManifest.xml:11:5-79
13-->[oppwa.mobile-4.9.0-release.aar] AndroidManifest.xml:11:22-76
14    <uses-permission android:name="android.permission.ACCESS_WIFI_STATE" />
14-->[oppwa.mobile-4.9.0-release.aar] AndroidManifest.xml:12:5-76
14-->[oppwa.mobile-4.9.0-release.aar] AndroidManifest.xml:12:22-73
15
16    <uses-feature
16-->[com.google.android.gms:play-services-maps:18.0.2] AndroidManifest.xml:26:5-28:35
17        android:glEsVersion="0x00020000"
17-->[com.google.android.gms:play-services-maps:18.0.2] AndroidManifest.xml:27:9-41
18        android:required="true" />
18-->[com.google.android.gms:play-services-maps:18.0.2] AndroidManifest.xml:28:9-32
19
20    <queries>
20-->[com.google.android.gms:play-services-maps:18.0.2] AndroidManifest.xml:30:5-34:15
21
22        <!-- Needs to be explicitly declared on Android R+ -->
23        <package android:name="com.google.android.apps.maps" />
23-->[com.google.android.gms:play-services-maps:18.0.2] AndroidManifest.xml:33:9-64
23-->[com.google.android.gms:play-services-maps:18.0.2] AndroidManifest.xml:33:18-61
24    </queries>
25
26    <permission
26-->[androidx.core:core:1.9.0] AndroidManifest.xml:22:5-24:47
27        android:name="com.oppwa.mobile.connect.demo.DYNAMIC_RECEIVER_NOT_EXPORTED_PERMISSION"
27-->[androidx.core:core:1.9.0] AndroidManifest.xml:23:9-81
28        android:protectionLevel="signature" />
28-->[androidx.core:core:1.9.0] AndroidManifest.xml:24:9-44
29
30    <uses-permission android:name="com.oppwa.mobile.connect.demo.DYNAMIC_RECEIVER_NOT_EXPORTED_PERMISSION" />
30-->[androidx.core:core:1.9.0] AndroidManifest.xml:26:5-97
30-->[androidx.core:core:1.9.0] AndroidManifest.xml:26:22-94
31
32    <application
32-->src/main/AndroidManifest.xml:7:5-89:19
33        android:allowBackup="false"
33-->src/main/AndroidManifest.xml:8:9-36
34        android:appComponentFactory="androidx.core.app.CoreComponentFactory"
34-->[androidx.core:core:1.9.0] AndroidManifest.xml:28:18-86
35        android:debuggable="true"
36        android:icon="@mipmap/ic_launcher"
36-->src/main/AndroidManifest.xml:9:9-43
37        android:label="@string/app_name"
37-->src/main/AndroidManifest.xml:10:9-41
38        android:networkSecurityConfig="@xml/network_security_config"
38-->src/main/AndroidManifest.xml:12:9-69
39        android:supportsRtl="true"
39-->src/main/AndroidManifest.xml:11:9-35
40        android:testOnly="true"
41        android:theme="@style/AppTheme" >
41-->src/main/AndroidManifest.xml:13:9-40
42        <receiver
42-->src/main/AndroidManifest.xml:15:9-17:40
43            android:name="com.oppwa.mobile.connect.demo.receiver.CheckoutBroadcastReceiver"
43-->src/main/AndroidManifest.xml:16:13-63
44            android:exported="false" />
44-->src/main/AndroidManifest.xml:17:13-37
45
46        <activity
46-->src/main/AndroidManifest.xml:19:9-25:45
47            android:name="com.oppwa.mobile.connect.checkout.dialog.CheckoutActivity"
47-->src/main/AndroidManifest.xml:20:13-85
48            android:exported="false"
48-->src/main/AndroidManifest.xml:24:13-37
49            android:launchMode="singleTop"
49-->src/main/AndroidManifest.xml:25:13-43
50            android:theme="@style/CustomCheckoutTheme"
50-->src/main/AndroidManifest.xml:22:13-55
51            android:windowSoftInputMode="adjustResize" />
51-->src/main/AndroidManifest.xml:23:13-55
52        <activity
52-->src/main/AndroidManifest.xml:27:9-36:20
53            android:name="com.oppwa.mobile.connect.demo.activity.MainActivity"
53-->src/main/AndroidManifest.xml:28:13-50
54            android:exported="true"
54-->src/main/AndroidManifest.xml:29:13-36
55            android:screenOrientation="portrait" >
55-->src/main/AndroidManifest.xml:30:13-49
56            <intent-filter>
56-->src/main/AndroidManifest.xml:31:13-35:29
57                <action android:name="android.intent.action.MAIN" />
57-->src/main/AndroidManifest.xml:32:17-68
57-->src/main/AndroidManifest.xml:32:25-66
58
59                <category android:name="android.intent.category.LAUNCHER" />
59-->src/main/AndroidManifest.xml:34:17-76
59-->src/main/AndroidManifest.xml:34:27-74
60            </intent-filter>
61        </activity>
62        <activity
62-->src/main/AndroidManifest.xml:38:9-53:20
63            android:name="com.oppwa.mobile.connect.demo.activity.CheckoutUIActivity"
63-->src/main/AndroidManifest.xml:39:13-56
64            android:exported="true"
64-->src/main/AndroidManifest.xml:40:13-36
65            android:launchMode="singleTask"
65-->src/main/AndroidManifest.xml:42:13-44
66            android:screenOrientation="portrait" >
66-->src/main/AndroidManifest.xml:41:13-49
67            <intent-filter>
67-->src/main/AndroidManifest.xml:44:13-51:29
68                <data android:scheme="@string/checkout_ui_callback_scheme" />
68-->src/main/AndroidManifest.xml:45:17-77
68-->src/main/AndroidManifest.xml:45:23-75
69
70                <action android:name="android.intent.action.VIEW" />
70-->src/main/AndroidManifest.xml:47:17-68
70-->src/main/AndroidManifest.xml:47:25-66
71
72                <category android:name="android.intent.category.DEFAULT" />
72-->src/main/AndroidManifest.xml:49:17-75
72-->src/main/AndroidManifest.xml:49:27-73
73                <category android:name="android.intent.category.BROWSABLE" />
73-->src/main/AndroidManifest.xml:50:17-77
73-->src/main/AndroidManifest.xml:50:27-75
74            </intent-filter>
75        </activity>
76        <activity
76-->src/main/AndroidManifest.xml:55:9-70:20
77            android:name="com.oppwa.mobile.connect.demo.activity.PaymentButtonActivity"
77-->src/main/AndroidManifest.xml:56:13-59
78            android:exported="true"
78-->src/main/AndroidManifest.xml:57:13-36
79            android:launchMode="singleTask"
79-->src/main/AndroidManifest.xml:59:13-44
80            android:screenOrientation="portrait" >
80-->src/main/AndroidManifest.xml:58:13-49
81            <intent-filter>
81-->src/main/AndroidManifest.xml:61:13-68:29
82                <data android:scheme="@string/payment_button_callback_scheme" />
82-->src/main/AndroidManifest.xml:45:17-77
82-->src/main/AndroidManifest.xml:45:23-75
83
84                <action android:name="android.intent.action.VIEW" />
84-->src/main/AndroidManifest.xml:47:17-68
84-->src/main/AndroidManifest.xml:47:25-66
85
86                <category android:name="android.intent.category.DEFAULT" />
86-->src/main/AndroidManifest.xml:49:17-75
86-->src/main/AndroidManifest.xml:49:27-73
87                <category android:name="android.intent.category.BROWSABLE" />
87-->src/main/AndroidManifest.xml:50:17-77
87-->src/main/AndroidManifest.xml:50:27-75
88            </intent-filter>
89        </activity>
90        <activity
90-->src/main/AndroidManifest.xml:72:9-87:20
91            android:name="com.oppwa.mobile.connect.demo.activity.CustomUIActivity"
91-->src/main/AndroidManifest.xml:73:13-54
92            android:exported="true"
92-->src/main/AndroidManifest.xml:74:13-36
93            android:launchMode="singleTask"
93-->src/main/AndroidManifest.xml:76:13-44
94            android:screenOrientation="portrait" >
94-->src/main/AndroidManifest.xml:75:13-49
95            <intent-filter>
95-->src/main/AndroidManifest.xml:78:13-85:29
96                <data android:scheme="@string/custom_ui_callback_scheme" />
96-->src/main/AndroidManifest.xml:45:17-77
96-->src/main/AndroidManifest.xml:45:23-75
97
98                <action android:name="android.intent.action.VIEW" />
98-->src/main/AndroidManifest.xml:47:17-68
98-->src/main/AndroidManifest.xml:47:25-66
99
100                <category android:name="android.intent.category.DEFAULT" />
100-->src/main/AndroidManifest.xml:49:17-75
100-->src/main/AndroidManifest.xml:49:27-73
101                <category android:name="android.intent.category.BROWSABLE" />
101-->src/main/AndroidManifest.xml:50:17-77
101-->src/main/AndroidManifest.xml:50:27-75
102            </intent-filter>
103        </activity>
104        <activity
104-->[ipworks3ds_sdk.aar] AndroidManifest.xml:12:9-15:58
105            android:name="com.nsoftware.ipworks3ds.sdk.core.ClientTextChallengeListener"
105-->[ipworks3ds_sdk.aar] AndroidManifest.xml:13:13-89
106            android:label=" "
106-->[ipworks3ds_sdk.aar] AndroidManifest.xml:14:13-30
107            android:theme="@style/nsoftware.3ds.Theme" />
107-->[ipworks3ds_sdk.aar] AndroidManifest.xml:15:13-55
108        <activity
108-->[ipworks3ds_sdk.aar] AndroidManifest.xml:16:9-19:58
109            android:name="com.nsoftware.ipworks3ds.sdk.core.ClientSingleSelectorChallengeListener"
109-->[ipworks3ds_sdk.aar] AndroidManifest.xml:17:13-99
110            android:label=" "
110-->[ipworks3ds_sdk.aar] AndroidManifest.xml:18:13-30
111            android:theme="@style/nsoftware.3ds.Theme" />
111-->[ipworks3ds_sdk.aar] AndroidManifest.xml:19:13-55
112        <activity
112-->[ipworks3ds_sdk.aar] AndroidManifest.xml:20:9-23:58
113            android:name="com.nsoftware.ipworks3ds.sdk.core.ClientMultiSelectChallengeListener"
113-->[ipworks3ds_sdk.aar] AndroidManifest.xml:21:13-96
114            android:label=" "
114-->[ipworks3ds_sdk.aar] AndroidManifest.xml:22:13-30
115            android:theme="@style/nsoftware.3ds.Theme" />
115-->[ipworks3ds_sdk.aar] AndroidManifest.xml:23:13-55
116        <activity
116-->[ipworks3ds_sdk.aar] AndroidManifest.xml:24:9-39:20
117            android:name="com.nsoftware.ipworks3ds.sdk.core.ClientOutOfBandChallengeListener"
117-->[ipworks3ds_sdk.aar] AndroidManifest.xml:25:13-94
118            android:exported="true"
118-->[ipworks3ds_sdk.aar] AndroidManifest.xml:26:13-36
119            android:label=" "
119-->[ipworks3ds_sdk.aar] AndroidManifest.xml:27:13-30
120            android:launchMode="singleTask"
120-->[ipworks3ds_sdk.aar] AndroidManifest.xml:28:13-44
121            android:theme="@style/nsoftware.3ds.Theme" >
121-->[ipworks3ds_sdk.aar] AndroidManifest.xml:29:13-55
122            <intent-filter>
122-->[ipworks3ds_sdk.aar] AndroidManifest.xml:30:13-38:29
123                <action android:name="android.intent.action.VIEW" />
123-->src/main/AndroidManifest.xml:47:17-68
123-->src/main/AndroidManifest.xml:47:25-66
124
125                <category android:name="android.intent.category.DEFAULT" />
125-->src/main/AndroidManifest.xml:49:17-75
125-->src/main/AndroidManifest.xml:49:27-73
126
127                <data
127-->src/main/AndroidManifest.xml:45:17-77
128                    android:host="com.oppwa.mobile.connect.demo.oob"
129                    android:scheme="ipworks3ds" />
129-->src/main/AndroidManifest.xml:45:23-75
130            </intent-filter>
131        </activity>
132        <activity
132-->[ipworks3ds_sdk.aar] AndroidManifest.xml:40:9-43:58
133            android:name="com.nsoftware.ipworks3ds.sdk.core.ClientWebChallengeListener"
133-->[ipworks3ds_sdk.aar] AndroidManifest.xml:41:13-88
134            android:label=" "
134-->[ipworks3ds_sdk.aar] AndroidManifest.xml:42:13-30
135            android:theme="@style/nsoftware.3ds.Theme" /> <!-- Enables the Google Pay API, Deprecated, should be declared on app level -->
135-->[ipworks3ds_sdk.aar] AndroidManifest.xml:43:13-55
136        <meta-data
136-->[oppwa.mobile-4.9.0-release.aar] AndroidManifest.xml:17:9-19:36
137            android:name="com.google.android.gms.wallet.api.enabled"
137-->[oppwa.mobile-4.9.0-release.aar] AndroidManifest.xml:18:13-69
138            android:value="true" />
138-->[oppwa.mobile-4.9.0-release.aar] AndroidManifest.xml:19:13-33
139
140        <activity
140-->[oppwa.mobile-4.9.0-release.aar] AndroidManifest.xml:28:9-30:40
141            android:name="com.oppwa.mobile.connect.provider.AsyncPaymentActivity"
141-->[oppwa.mobile-4.9.0-release.aar] AndroidManifest.xml:29:13-82
142            android:exported="false" />
142-->[oppwa.mobile-4.9.0-release.aar] AndroidManifest.xml:30:13-37
143
144        <provider
144-->[oppwa.mobile-4.9.0-release.aar] AndroidManifest.xml:32:9-35:40
145            android:name="com.oppwa.mobile.connect.provider.OppwaInitProvider"
145-->[oppwa.mobile-4.9.0-release.aar] AndroidManifest.xml:33:13-79
146            android:authorities="com.oppwa.mobile.connect.demo.oppwa.init.provider"
146-->[oppwa.mobile-4.9.0-release.aar] AndroidManifest.xml:34:13-71
147            android:exported="false" /> <!-- Needs to be explicitly declared on P+ -->
147-->[oppwa.mobile-4.9.0-release.aar] AndroidManifest.xml:35:13-37
148        <uses-library
148-->[com.google.android.gms:play-services-maps:18.0.2] AndroidManifest.xml:39:9-41:40
149            android:name="org.apache.http.legacy"
149-->[com.google.android.gms:play-services-maps:18.0.2] AndroidManifest.xml:40:13-50
150            android:required="false" />
150-->[com.google.android.gms:play-services-maps:18.0.2] AndroidManifest.xml:41:13-37
151
152        <activity
152-->[com.google.android.gms:play-services-base:18.0.1] AndroidManifest.xml:20:9-22:45
153            android:name="com.google.android.gms.common.api.GoogleApiActivity"
153-->[com.google.android.gms:play-services-base:18.0.1] AndroidManifest.xml:20:19-85
154            android:exported="false"
154-->[com.google.android.gms:play-services-base:18.0.1] AndroidManifest.xml:22:19-43
155            android:theme="@android:style/Theme.Translucent.NoTitleBar" />
155-->[com.google.android.gms:play-services-base:18.0.1] AndroidManifest.xml:21:19-78
156
157        <meta-data
157-->[com.google.android.gms:play-services-basement:18.0.0] AndroidManifest.xml:21:9-23:69
158            android:name="com.google.android.gms.version"
158-->[com.google.android.gms:play-services-basement:18.0.0] AndroidManifest.xml:22:13-58
159            android:value="@integer/google_play_services_version" />
159-->[com.google.android.gms:play-services-basement:18.0.0] AndroidManifest.xml:23:13-66
160
161        <provider
161-->[androidx.emoji2:emoji2:1.2.0] AndroidManifest.xml:24:9-32:20
162            android:name="androidx.startup.InitializationProvider"
162-->[androidx.emoji2:emoji2:1.2.0] AndroidManifest.xml:25:13-67
163            android:authorities="com.oppwa.mobile.connect.demo.androidx-startup"
163-->[androidx.emoji2:emoji2:1.2.0] AndroidManifest.xml:26:13-68
164            android:exported="false" >
164-->[androidx.emoji2:emoji2:1.2.0] AndroidManifest.xml:27:13-37
165            <meta-data
165-->[androidx.emoji2:emoji2:1.2.0] AndroidManifest.xml:29:13-31:52
166                android:name="androidx.emoji2.text.EmojiCompatInitializer"
166-->[androidx.emoji2:emoji2:1.2.0] AndroidManifest.xml:30:17-75
167                android:value="androidx.startup" />
167-->[androidx.emoji2:emoji2:1.2.0] AndroidManifest.xml:31:17-49
168            <meta-data
168-->[androidx.lifecycle:lifecycle-process:2.4.1] AndroidManifest.xml:31:13-33:52
169                android:name="androidx.lifecycle.ProcessLifecycleInitializer"
169-->[androidx.lifecycle:lifecycle-process:2.4.1] AndroidManifest.xml:32:17-78
170                android:value="androidx.startup" />
170-->[androidx.lifecycle:lifecycle-process:2.4.1] AndroidManifest.xml:33:17-49
171        </provider>
172    </application>
173
174</manifest>